{
  "RSpec": {
    "coverage": {
      "/home/evn/4kurs/ruby/lab2/lib/actions.rb": {
        "lines": [
          1,
          1,
          1,
          null,
          1,
          1,
          42,
          null,
          null,
          1,
          9,
          38,
          38,
          null,
          6,
          null,
          null,
          null,
          1,
          9,
          1,
          2,
          0,
          null,
          null,
          null,
          9,
          null,
          null,
          null,
          1,
          null,
          1,
          6,
          2,
          null,
          null,
          4,
          null,
          null
        ]
      },
      "/home/evn/4kurs/ruby/lab2/lib/file_manager.rb": {
        "lines": [
          1,
          1,
          23,
          23,
          null,
          null,
          1,
          null,
          1,
          null,
          null,
          null,
          null,
          null,
          null,
          1,
          null,
          null,
          1,
          1,
          null,
          1,
          1,
          null,
          null,
          1,
          10,
          10,
          null,
          null
        ]
      },
      "/home/evn/4kurs/ruby/lab2/lib/states.rb": {
        "lines": [
          1,
          1,
          1,
          1,
          null
        ]
      },
      "/home/evn/4kurs/ruby/lab2/lib/io_adapter.rb": {
        "lines": [
          1,
          1,
          0,
          null,
          null
        ]
      },
      "/home/evn/4kurs/ruby/lab2/lib/player.rb": {
        "lines": [
          1,
          1,
          1,
          null,
          1,
          40,
          40,
          40,
          40,
          40,
          null,
          null,
          1,
          8,
          null,
          null,
          1,
          12,
          null,
          null,
          1,
          14,
          14,
          null,
          null,
          1,
          16,
          null,
          null,
          1,
          14,
          null,
          null,
          1,
          null,
          1,
          69,
          null,
          null
        ]
      }
    },
    "timestamp": 1651179574
  }
}
